<?xml version="1.0" encoding="UTF-8"?>
<!-- Generated by org.testng.reporters.JUnitReportReporter -->
<testsuite hostname="Swetha" failures="0" tests="1" name="com.qa.testscripts.SeleniumSearch" time="2.181" errors="0" timestamp="2022-12-08T16:17:39 IST" skipped="0">
  <testcase classname="com.qa.testscripts.SeleniumSearch" name="Search" time="2.181"/>
  <system-out/>
</testsuite> <!-- com.qa.testscripts.SeleniumSearch -->
